WebViewImageChange/JChat/build/outputs/logs/manifest-merger-debug-report.txt
-- Merging decision tree log ---
manifest
ADDED from WebViewImageChange/JChat/AndroidManifest.xml:2:1-221:12
	package
		ADDED from WebViewImageChange/JChat/AndroidManifest.xml:3:5-47
	android:versionName
		ADDED from WebViewImageChange/JChat/AndroidManifest.xml:5:5-32
		INJECTED from WebViewImageChange/JChat/AndroidManifest.xml
		INJECTED from WebViewImageChange/JChat/AndroidManifest.xml
	android:versionCode
		ADDED from WebViewImageChange/JChat/AndroidManifest.xml:4:5-29
		INJECTED from WebViewImageChange/JChat/AndroidManifest.xml
		INJECTED from WebViewImageChange/JChat/AndroidManifest.xml
	xmlns:android
		ADDED from WebViewImageChange/JChat/AndroidManifest.xml:2:11-69
uses-sdk
ADDED from WebViewImageChange/JChat/AndroidManifest.xml:7:5-9:41
	android:targetSdkVersion
		ADDED from WebViewImageChange/JChat/AndroidManifest.xml:9:9-38
	android:minSdkVersion
		ADDED from WebViewImageChange/JChat/AndroidManifest.xml:8:9-34
permission#com.future.yt.webviewimagechange.permission.JPUSH_MESSAGE
ADDED from WebViewImageChange/JChat/AndroidManifest.xml:11:5-13:47
	android:protectionLevel
		ADDED from WebViewImageChange/JChat/AndroidManifest.xml:13:9-44
	android:name
		ADDED from WebViewImageChange/JChat/AndroidManifest.xml:12:9-81
uses-permission#com.future.yt.webviewimagechange.permission.JPUSH_MESSAGE
ADDED from WebViewImageChange/JChat/AndroidManifest.xml:16:5-97
	android:name
		ADDED from WebViewImageChange/JChat/AndroidManifest.xml:16:22-94
uses-permission#android.permission.RECEIVE_USER_PRESENT
ADDED from WebViewImageChange/JChat/AndroidManifest.xml:17:5-79
	android:name
		ADDED from WebViewImageChange/JChat/AndroidManifest.xml:17:22-76
uses-permission#android.permission.INTERNET
ADDED from WebViewImageChange/JChat/AndroidManifest.xml:18:5-67
	android:name
		ADDED from WebViewImageChange/JChat/AndroidManifest.xml:18:22-64
uses-permission#android.permission.WAKE_LOCK
ADDED from WebViewImageChange/JChat/AndroidManifest.xml:19:5-68
	android:name
		ADDED from WebViewImageChange/JChat/AndroidManifest.xml:19:22-65
uses-permission#android.permission.READ_PHONE_STATE
ADDED from WebViewImageChange/JChat/AndroidManifest.xml:20:5-75
	android:name
		ADDED from WebViewImageChange/JChat/AndroidManifest.xml:20:22-72
uses-permission#android.permission.WRITE_EXTERNAL_STORAGE
ADDED from WebViewImageChange/JChat/AndroidManifest.xml:21:5-81
	android:name
		ADDED from WebViewImageChange/JChat/AndroidManifest.xml:21:22-78
uses-permission#android.permission.READ_EXTERNAL_STORAGE
ADDED from WebViewImageChange/JChat/AndroidManifest.xml:22:5-80
	android:name
		ADDED from WebViewImageChange/JChat/AndroidManifest.xml:22:22-77
uses-permission#android.permission.VIBRATE
ADDED from WebViewImageChange/JChat/AndroidManifest.xml:23:5-66
	android:name
		ADDED from WebViewImageChange/JChat/AndroidManifest.xml:23:22-63
uses-permission#android.permission.MOUNT_UNMOUNT_FILESYSTEMS
ADDED from WebViewImageChange/JChat/AndroidManifest.xml:24:5-84
	android:name
		ADDED from WebViewImageChange/JChat/AndroidManifest.xml:24:22-81
uses-permission#android.permission.ACCESS_NETWORK_STATE
ADDED from WebViewImageChange/JChat/AndroidManifest.xml:25:5-79
	android:name
		ADDED from WebViewImageChange/JChat/AndroidManifest.xml:25:22-76
uses-permission#android.permission.ACCESS_WIFI_STATE
ADDED from WebViewImageChange/JChat/AndroidManifest.xml:26:5-75
	android:name
		ADDED from WebViewImageChange/JChat/AndroidManifest.xml:26:22-73
uses-permission#android.permission.SYSTEM_ALERT_WINDOW
ADDED from WebViewImageChange/JChat/AndroidManifest.xml:27:5-78
	android:name
		ADDED from WebViewImageChange/JChat/AndroidManifest.xml:27:22-75
uses-permission#android.permission.WRITE_SETTINGS
ADDED from WebViewImageChange/JChat/AndroidManifest.xml:28:5-73
	android:name
		ADDED from WebViewImageChange/JChat/AndroidManifest.xml:28:22-70
uses-permission#android.permission.RECORD_AUDIO
ADDED from WebViewImageChange/JChat/AndroidManifest.xml:31:5-71
	android:name
		ADDED from WebViewImageChange/JChat/AndroidManifest.xml:31:22-68
uses-permission#android.permission.MODIFY_AUDIO_SETTINGS
ADDED from WebViewImageChange/JChat/AndroidManifest.xml:32:5-79
	android:name
		ADDED from WebViewImageChange/JChat/AndroidManifest.xml:32:22-77
uses-permission#android.permission.CHANGE_WIFI_STATE
ADDED from WebViewImageChange/JChat/AndroidManifest.xml:35:5-75
	android:name
		ADDED from WebViewImageChange/JChat/AndroidManifest.xml:35:22-73
uses-permission#android.permission.ACCESS_FINE_LOCATION
ADDED from WebViewImageChange/JChat/AndroidManifest.xml:36:5-78
	android:name
		ADDED from WebViewImageChange/JChat/AndroidManifest.xml:36:22-76
uses-permission#android.permission.ACCESS_COARSE_LOCATION
ADDED from WebViewImageChange/JChat/AndroidManifest.xml:37:5-80
	android:name
		ADDED from WebViewImageChange/JChat/AndroidManifest.xml:37:22-78
uses-permission#android.permission.ACCESS_LOCATION_EXTRA_COMMANDS
ADDED from WebViewImageChange/JChat/AndroidManifest.xml:38:5-88
	android:name
		ADDED from WebViewImageChange/JChat/AndroidManifest.xml:38:22-86
uses-permission#android.permission.CHANGE_NETWORK_STATE
ADDED from WebViewImageChange/JChat/AndroidManifest.xml:39:5-78
	android:name
		ADDED from WebViewImageChange/JChat/AndroidManifest.xml:39:22-76
application
ADDED from WebViewImageChange/JChat/AndroidManifest.xml:41:5-219:19
	android:screenOrientation
		ADDED from WebViewImageChange/JChat/AndroidManifest.xml:48:9-45
	android:label
		ADDED from WebViewImageChange/JChat/AndroidManifest.xml:46:9-41
	android:configChanges
		ADDED from WebViewImageChange/JChat/AndroidManifest.xml:44:9-42
	android:allowBackup
		ADDED from WebViewImageChange/JChat/AndroidManifest.xml:43:9-35
	android:icon
		ADDED from WebViewImageChange/JChat/AndroidManifest.xml:45:9-38
	android:theme
		ADDED from WebViewImageChange/JChat/AndroidManifest.xml:47:9-39
	android:name
		ADDED from WebViewImageChange/JChat/AndroidManifest.xml:42:9-73
service#cn.jpush.android.service.PushService
ADDED from WebViewImageChange/JChat/AndroidManifest.xml:51:9-62:19
	android:enabled
		ADDED from WebViewImageChange/JChat/AndroidManifest.xml:53:13-35
	android:process
		ADDED from WebViewImageChange/JChat/AndroidManifest.xml:55:13-38
	android:exported
		ADDED from WebViewImageChange/JChat/AndroidManifest.xml:54:13-37
	android:name
		ADDED from WebViewImageChange/JChat/AndroidManifest.xml:52:13-64
intent-filter#cn.jpush.android.intent.PUSH_TIME+cn.jpush.android.intent.PushService+cn.jpush.android.intent.REGISTER+cn.jpush.android.intent.REPORT
ADDED from WebViewImageChange/JChat/AndroidManifest.xml:56:13-61:29
action#cn.jpush.android.intent.REGISTER
ADDED from WebViewImageChange/JChat/AndroidManifest.xml:57:17-75
	android:name
		ADDED from WebViewImageChange/JChat/AndroidManifest.xml:57:25-72
action#cn.jpush.android.intent.REPORT
ADDED from WebViewImageChange/JChat/AndroidManifest.xml:58:17-73
	android:name
		ADDED from WebViewImageChange/JChat/AndroidManifest.xml:58:25-70
action#cn.jpush.android.intent.PushService
ADDED from WebViewImageChange/JChat/AndroidManifest.xml:59:17-78
	android:name
		ADDED from WebViewImageChange/JChat/AndroidManifest.xml:59:25-75
action#cn.jpush.android.intent.PUSH_TIME
ADDED from WebViewImageChange/JChat/AndroidManifest.xml:60:17-76
	android:name
		ADDED from WebViewImageChange/JChat/AndroidManifest.xml:60:25-73
receiver#cn.jpush.android.service.PushReceiver
ADDED from WebViewImageChange/JChat/AndroidManifest.xml:65:9-84:20
	android:enabled
		ADDED from WebViewImageChange/JChat/AndroidManifest.xml:67:13-35
	android:exported
		ADDED from WebViewImageChange/JChat/AndroidManifest.xml:68:13-37
	android:name
		ADDED from WebViewImageChange/JChat/AndroidManifest.xml:66:13-65
intent-filter#cn.jpush.android.intent.NOTIFICATION_RECEIVED_PROXY+com.future.yt.webviewimagechange
ADDED from WebViewImageChange/JChat/AndroidManifest.xml:69:13-72:29
	android:priority
		ADDED from WebViewImageChange/JChat/AndroidManifest.xml:69:28-51
action#cn.jpush.android.intent.NOTIFICATION_RECEIVED_PROXY
ADDED from WebViewImageChange/JChat/AndroidManifest.xml:70:17-94
	android:name
		ADDED from WebViewImageChange/JChat/AndroidManifest.xml:70:25-91
category#com.future.yt.webviewimagechange
ADDED from WebViewImageChange/JChat/AndroidManifest.xml:71:17-77
	android:name
		ADDED from WebViewImageChange/JChat/AndroidManifest.xml:71:27-74
intent-filter#android.intent.action.USER_PRESENT+android.net.conn.CONNECTIVITY_CHANGE
ADDED from WebViewImageChange/JChat/AndroidManifest.xml:73:13-76:29
action#android.intent.action.USER_PRESENT
ADDED from WebViewImageChange/JChat/AndroidManifest.xml:74:17-77
	android:name
		ADDED from WebViewImageChange/JChat/AndroidManifest.xml:74:25-74
action#android.net.conn.CONNECTIVITY_CHANGE
ADDED from WebViewImageChange/JChat/AndroidManifest.xml:75:17-79
	android:name
		ADDED from WebViewImageChange/JChat/AndroidManifest.xml:75:25-76
intent-filter#android.intent.action.PACKAGE_ADDED+android.intent.action.PACKAGE_REMOVED
ADDED from WebViewImageChange/JChat/AndroidManifest.xml:78:13-83:29
action#android.intent.action.PACKAGE_ADDED
ADDED from WebViewImageChange/JChat/AndroidManifest.xml:79:17-78
	android:name
		ADDED from WebViewImageChange/JChat/AndroidManifest.xml:79:25-75
action#android.intent.action.PACKAGE_REMOVED
ADDED from WebViewImageChange/JChat/AndroidManifest.xml:80:17-80
	android:name
		ADDED from WebViewImageChange/JChat/AndroidManifest.xml:80:25-77
data
ADDED from WebViewImageChange/JChat/AndroidManifest.xml:82:17-50
	android:scheme
		ADDED from WebViewImageChange/JChat/AndroidManifest.xml:82:23-47
activity#cn.jpush.android.ui.PushActivity
ADDED from WebViewImageChange/JChat/AndroidManifest.xml:87:9-98:20
	android:exported
		ADDED from WebViewImageChange/JChat/AndroidManifest.xml:91:6-30
	android:configChanges
		ADDED from WebViewImageChange/JChat/AndroidManifest.xml:89:13-63
	android:theme
		ADDED from WebViewImageChange/JChat/AndroidManifest.xml:90:13-72
	android:name
		ADDED from WebViewImageChange/JChat/AndroidManifest.xml:88:13-60
intent-filter#android.intent.category.DEFAULT+cn.jpush.android.ui.PushActivity+com.future.yt.webviewimagechange
ADDED from WebViewImageChange/JChat/AndroidManifest.xml:92:13-97:29
action#cn.jpush.android.ui.PushActivity
ADDED from WebViewImageChange/JChat/AndroidManifest.xml:93:17-75
	android:name
		ADDED from WebViewImageChange/JChat/AndroidManifest.xml:93:25-72
category#android.intent.category.DEFAULT
ADDED from WebViewImageChange/JChat/AndroidManifest.xml:95:17-76
	android:name
		ADDED from WebViewImageChange/JChat/AndroidManifest.xml:95:27-73
service#cn.jpush.android.service.DownloadService
ADDED from WebViewImageChange/JChat/AndroidManifest.xml:100:9-103:40
	android:enabled
		ADDED from WebViewImageChange/JChat/AndroidManifest.xml:102:13-35
	android:exported
		ADDED from WebViewImageChange/JChat/AndroidManifest.xml:103:13-37
	android:name
		ADDED from WebViewImageChange/JChat/AndroidManifest.xml:101:13-68
receiver#cn.jpush.android.service.AlarmReceiver
ADDED from WebViewImageChange/JChat/AndroidManifest.xml:105:9-99
	android:exported
		ADDED from WebViewImageChange/JChat/AndroidManifest.xml:105:73-97
	android:name
		ADDED from WebViewImageChange/JChat/AndroidManifest.xml:105:19-72
receiver#cn.jpush.im.android.helpers.IMReceiver
ADDED from WebViewImageChange/JChat/AndroidManifest.xml:108:9-118:20
	android:enabled
		ADDED from WebViewImageChange/JChat/AndroidManifest.xml:110:13-35
	android:exported
		ADDED from WebViewImageChange/JChat/AndroidManifest.xml:111:13-37
	android:name
		ADDED from WebViewImageChange/JChat/AndroidManifest.xml:109:13-66
intent-filter#cn.jpush.im.android.action.IM_RESPONSE+cn.jpush.im.android.action.NOTIFICATION_CLICK_PROXY+com.future.yt.webviewimagechange
ADDED from WebViewImageChange/JChat/AndroidManifest.xml:112:13-117:29
	android:priority
		ADDED from WebViewImageChange/JChat/AndroidManifest.xml:112:28-51
action#cn.jpush.im.android.action.IM_RESPONSE
ADDED from WebViewImageChange/JChat/AndroidManifest.xml:113:17-81
	android:name
		ADDED from WebViewImageChange/JChat/AndroidManifest.xml:113:25-78
action#cn.jpush.im.android.action.NOTIFICATION_CLICK_PROXY
ADDED from WebViewImageChange/JChat/AndroidManifest.xml:114:17-94
	android:name
		ADDED from WebViewImageChange/JChat/AndroidManifest.xml:114:25-91
service#cn.jpush.android.service.DaemonService
ADDED from WebViewImageChange/JChat/AndroidManifest.xml:122:9-131:19
	android:enabled
		ADDED from WebViewImageChange/JChat/AndroidManifest.xml:124:13-35
	android:exported
		ADDED from WebViewImageChange/JChat/AndroidManifest.xml:125:13-36
	android:name
		ADDED from WebViewImageChange/JChat/AndroidManifest.xml:123:13-66
intent-filter#cn.jpush.android.intent.DaemonService+com.future.yt.webviewimagechange
ADDED from WebViewImageChange/JChat/AndroidManifest.xml:126:13-129:29
action#cn.jpush.android.intent.DaemonService
ADDED from WebViewImageChange/JChat/AndroidManifest.xml:127:17-80
	android:name
		ADDED from WebViewImageChange/JChat/AndroidManifest.xml:127:25-77
meta-data#JPUSH_CHANNEL
ADDED from WebViewImageChange/JChat/AndroidManifest.xml:134:9-136:49
	android:value
		ADDED from WebViewImageChange/JChat/AndroidManifest.xml:136:13-46
	android:name
		ADDED from WebViewImageChange/JChat/AndroidManifest.xml:135:13-41
meta-data#JPUSH_APPKEY
ADDED from WebViewImageChange/JChat/AndroidManifest.xml:138:9-140:40
	android:value
		ADDED from WebViewImageChange/JChat/AndroidManifest.xml:140:13-37
	android:name
		ADDED from WebViewImageChange/JChat/AndroidManifest.xml:139:13-40
activity#io.jchat.android.activity.BaseActivity
ADDED from WebViewImageChange/JChat/AndroidManifest.xml:142:9-144:51
	android:screenOrientation
		ADDED from WebViewImageChange/JChat/AndroidManifest.xml:144:13-49
	android:name
		ADDED from WebViewImageChange/JChat/AndroidManifest.xml:143:13-66
activity#io.jchat.android.activity.LoginActivity
ADDED from WebViewImageChange/JChat/AndroidManifest.xml:145:9-149:75
	android:launchMode
		ADDED from WebViewImageChange/JChat/AndroidManifest.xml:148:13-44
	android:windowSoftInputMode
		ADDED from WebViewImageChange/JChat/AndroidManifest.xml:149:13-73
	android:theme
		ADDED from WebViewImageChange/JChat/AndroidManifest.xml:147:13-43
	android:name
		ADDED from WebViewImageChange/JChat/AndroidManifest.xml:146:13-67
activity#io.jchat.android.activity.MainActivity
ADDED from WebViewImageChange/JChat/AndroidManifest.xml:150:9-159:20
	android:screenOrientation
		ADDED from WebViewImageChange/JChat/AndroidManifest.xml:153:13-49
	android:label
		ADDED from WebViewImageChange/JChat/AndroidManifest.xml:152:13-45
	android:name
		ADDED from WebViewImageChange/JChat/AndroidManifest.xml:151:13-66
intent-filter#android.intent.action.MAIN+android.intent.category.LAUNCHER
ADDED from WebViewImageChange/JChat/AndroidManifest.xml:154:13-158:29
action#android.intent.action.MAIN
ADDED from WebViewImageChange/JChat/AndroidManifest.xml:155:17-69
	android:name
		ADDED from WebViewImageChange/JChat/AndroidManifest.xml:155:25-66
category#android.intent.category.LAUNCHER
ADDED from WebViewImageChange/JChat/AndroidManifest.xml:157:17-77
	android:name
		ADDED from WebViewImageChange/JChat/AndroidManifest.xml:157:27-74
activity#io.jchat.android.activity.RegisterActivity
ADDED from WebViewImageChange/JChat/AndroidManifest.xml:160:9-162:58
	android:windowSoftInputMode
		ADDED from WebViewImageChange/JChat/AndroidManifest.xml:162:13-55
	android:name
		ADDED from WebViewImageChange/JChat/AndroidManifest.xml:161:13-70
activity#io.jchat.android.activity.MeInfoActivity
ADDED from WebViewImageChange/JChat/AndroidManifest.xml:163:9-164:71
	android:name
		ADDED from WebViewImageChange/JChat/AndroidManifest.xml:164:13-68
activity#io.jchat.android.chatting.ChatActivity
ADDED from WebViewImageChange/JChat/AndroidManifest.xml:165:9-167:58
	android:windowSoftInputMode
		ADDED from WebViewImageChange/JChat/AndroidManifest.xml:167:13-55
	android:name
		ADDED from WebViewImageChange/JChat/AndroidManifest.xml:166:13-66
activity#io.jchat.android.activity.ReloginActivity
ADDED from WebViewImageChange/JChat/AndroidManifest.xml:168:9-170:75
	android:windowSoftInputMode
		ADDED from WebViewImageChange/JChat/AndroidManifest.xml:170:13-73
	android:name
		ADDED from WebViewImageChange/JChat/AndroidManifest.xml:169:13-69
activity#io.jchat.android.activity.ChatDetailActivity
ADDED from WebViewImageChange/JChat/AndroidManifest.xml:171:9-172:75
	android:name
		ADDED from WebViewImageChange/JChat/AndroidManifest.xml:172:13-72
activity#io.jchat.android.activity.GroupSettingActivity
ADDED from WebViewImageChange/JChat/AndroidManifest.xml:173:9-175:59
	android:theme
		ADDED from WebViewImageChange/JChat/AndroidManifest.xml:175:13-56
	android:name
		ADDED from WebViewImageChange/JChat/AndroidManifest.xml:174:13-74
activity#io.jchat.android.activity.FriendInfoActivity
ADDED from WebViewImageChange/JChat/AndroidManifest.xml:176:9-177:75
	android:name
		ADDED from WebViewImageChange/JChat/AndroidManifest.xml:177:13-72
activity#io.jchat.android.activity.CreateGroupActivity
ADDED from WebViewImageChange/JChat/AndroidManifest.xml:178:9-179:76
	android:name
		ADDED from WebViewImageChange/JChat/AndroidManifest.xml:179:13-73
activity#io.jchat.android.activity.PickPictureTotalActivity
ADDED from WebViewImageChange/JChat/AndroidManifest.xml:180:9-181:81
	android:name
		ADDED from WebViewImageChange/JChat/AndroidManifest.xml:181:13-78
activity#io.jchat.android.activity.PickPictureActivity
ADDED from WebViewImageChange/JChat/AndroidManifest.xml:182:9-183:76
	android:name
		ADDED from WebViewImageChange/JChat/AndroidManifest.xml:183:13-73
activity#io.jchat.android.activity.BrowserViewPagerActivity
ADDED from WebViewImageChange/JChat/AndroidManifest.xml:184:9-185:81
	android:name
		ADDED from WebViewImageChange/JChat/AndroidManifest.xml:185:13-78
activity#io.jchat.android.activity.SettingActivity
ADDED from WebViewImageChange/JChat/AndroidManifest.xml:186:9-187:72
	android:name
		ADDED from WebViewImageChange/JChat/AndroidManifest.xml:187:13-69
activity#io.jchat.android.activity.NotificationSettingActivity
ADDED from WebViewImageChange/JChat/AndroidManifest.xml:188:9-189:84
	android:name
		ADDED from WebViewImageChange/JChat/AndroidManifest.xml:189:13-81
activity#io.jchat.android.activity.DisturbSettingActivity
ADDED from WebViewImageChange/JChat/AndroidManifest.xml:190:9-191:79
	android:name
		ADDED from WebViewImageChange/JChat/AndroidManifest.xml:191:13-76
activity#io.jchat.android.activity.ResetPasswordActivity
ADDED from WebViewImageChange/JChat/AndroidManifest.xml:192:9-194:76
	android:windowSoftInputMode
		ADDED from WebViewImageChange/JChat/AndroidManifest.xml:194:13-74
	android:name
		ADDED from WebViewImageChange/JChat/AndroidManifest.xml:193:13-75
activity#io.jchat.android.activity.FixProfileActivity
ADDED from WebViewImageChange/JChat/AndroidManifest.xml:195:9-197:77
	android:windowSoftInputMode
		ADDED from WebViewImageChange/JChat/AndroidManifest.xml:197:13-74
	android:name
		ADDED from WebViewImageChange/JChat/AndroidManifest.xml:196:13-72
activity#io.jchat.android.activity.ResetNickNameActivity
ADDED from WebViewImageChange/JChat/AndroidManifest.xml:198:9-200:76
	android:windowSoftInputMode
		ADDED from WebViewImageChange/JChat/AndroidManifest.xml:200:13-74
	android:name
		ADDED from WebViewImageChange/JChat/AndroidManifest.xml:199:13-75
activity#io.jchat.android.activity.SelectAreaActivity
ADDED from WebViewImageChange/JChat/AndroidManifest.xml:201:9-203:76
	android:windowSoftInputMode
		ADDED from WebViewImageChange/JChat/AndroidManifest.xml:203:13-74
	android:name
		ADDED from WebViewImageChange/JChat/AndroidManifest.xml:202:13-72
activity#io.jchat.android.activity.EditSignatureActivity
ADDED from WebViewImageChange/JChat/AndroidManifest.xml:204:9-206:76
	android:windowSoftInputMode
		ADDED from WebViewImageChange/JChat/AndroidManifest.xml:206:13-74
	android:name
		ADDED from WebViewImageChange/JChat/AndroidManifest.xml:205:13-75
activity#io.jchat.android.activity.EditNoteNameActivity
ADDED from WebViewImageChange/JChat/AndroidManifest.xml:207:9-208:77
	android:name
		ADDED from WebViewImageChange/JChat/AndroidManifest.xml:208:13-74
activity#io.jchat.android.activity.AboutActivity
ADDED from WebViewImageChange/JChat/AndroidManifest.xml:209:9-210:70
	android:name
		ADDED from WebViewImageChange/JChat/AndroidManifest.xml:210:13-67
activity#io.jchat.android.activity.SelectFriendActivity
ADDED from WebViewImageChange/JChat/AndroidManifest.xml:211:9-213:54
	android:windowSoftInputMode
		ADDED from WebViewImageChange/JChat/AndroidManifest.xml:213:13-52
	android:name
		ADDED from WebViewImageChange/JChat/AndroidManifest.xml:212:13-74
activity#io.jchat.android.activity.MembersInChatActivity
ADDED from WebViewImageChange/JChat/AndroidManifest.xml:214:9-215:78
	android:name
		ADDED from WebViewImageChange/JChat/AndroidManifest.xml:215:13-75
activity#io.jchat.android.activity.CropImageActivity
ADDED from WebViewImageChange/JChat/AndroidManifest.xml:216:9-217:74
	android:name
		ADDED from WebViewImageChange/JChat/AndroidManifest.xml:217:13-71